[0.011s] Invoking command in '/home/robotica8/uros_benchmarking/ROS2/build/ping_pong_benchmarking': CMAKE_PREFIX_PATH=${CMAKE_PREFIX_PATH}:/opt/ros/foxy /usr/bin/cmake --build /home/robotica8/uros_benchmarking/ROS2/build/ping_pong_benchmarking -- -j8 -l8
[0.055s] [35m[1mScanning dependencies of target ping_3_multi[0m
[0.074s] [ 20%] Built target ping_1_single
[0.076s] [ 33%] Built target pong_test_1_single
[0.083s] [ 46%] Built target pong_test_3_multi
[0.084s] [ 60%] Built target pong_test_3_single
[0.085s] [ 80%] Built target ping_3_single
[0.087s] [ 86%] [32mBuilding CXX object CMakeFiles/ping_3_multi.dir/src/multi_3_topic/ping_node.cpp.o[0m
[1.242s] [01m[K/home/robotica8/uros_benchmarking/ROS2/ping_pong_benchmarking/src/multi_3_topic/ping_node.cpp:[m[K In destructor â€˜[01m[Kvirtual Ping::~Ping()[m[Kâ€™:
[1.242s] [01m[K/home/robotica8/uros_benchmarking/ROS2/ping_pong_benchmarking/src/multi_3_topic/ping_node.cpp:60:5:[m[K [01;31m[Kerror: [m[Kâ€˜[01m[Kping[m[Kâ€™ was not declared in this scope; did you mean â€˜[01m[KPing[m[Kâ€™?
[1.242s]    60 |     [01;31m[Kping[m[K->parse_data();
[1.242s]       |     [01;31m[K^~~~[m[K
[1.243s]       |     [32m[KPing[m[K
[2.598s] make[2]: *** [CMakeFiles/ping_3_multi.dir/build.make:76: CMakeFiles/ping_3_multi.dir/src/multi_3_topic/ping_node.cpp.o] Error 1
[2.599s] make[1]: *** [CMakeFiles/Makefile2:169: CMakeFiles/ping_3_multi.dir/all] Error 2
[2.599s] make: *** [Makefile:141: all] Error 2
[2.601s] Invoked command in '/home/robotica8/uros_benchmarking/ROS2/build/ping_pong_benchmarking' returned '2': CMAKE_PREFIX_PATH=${CMAKE_PREFIX_PATH}:/opt/ros/foxy /usr/bin/cmake --build /home/robotica8/uros_benchmarking/ROS2/build/ping_pong_benchmarking -- -j8 -l8
