[01m[K/home/toffanetto/uros_benchmarking/ROS2/ping_pong_benchmarking/src/single_3_topic/ping_node.cpp:[m[K In constructor â€˜[01m[KPing::Ping()[m[Kâ€™:
[01m[K/home/toffanetto/uros_benchmarking/ROS2/ping_pong_benchmarking/src/single_3_topic/ping_node.cpp:26:108:[m[K [01;31m[Kerror: [m[Kâ€˜[01m[KonPongCallback1[m[Kâ€™ is not a member of â€˜[01m[KPing[m[Kâ€™
   26 | subscription<std_msgs::msg::UInt32>("/pong_1", default_qos, std::bind(&Ping::[01;31m[KonPongCallback1[m[K, this, _1));
      |                                                                              [01;31m[K^~~~~~~~~~~~~~~[m[K

[01m[K/home/toffanetto/uros_benchmarking/ROS2/ping_pong_benchmarking/src/single_3_topic/ping_node.cpp:28:108:[m[K [01;31m[Kerror: [m[Kâ€˜[01m[KonPongCallback2[m[Kâ€™ is not a member of â€˜[01m[KPing[m[Kâ€™
   28 | subscription<std_msgs::msg::UInt32>("/pong2_", default_qos, std::bind(&Ping::[01;31m[KonPongCallback2[m[K, this, _1));
      |                                                                              [01;31m[K^~~~~~~~~~~~~~~[m[K

[01m[K/home/toffanetto/uros_benchmarking/ROS2/ping_pong_benchmarking/src/single_3_topic/ping_node.cpp:30:108:[m[K [01;31m[Kerror: [m[Kâ€˜[01m[KonPongCallback3[m[Kâ€™ is not a member of â€˜[01m[KPing[m[Kâ€™
   30 | subscription<std_msgs::msg::UInt32>("/pong_3", default_qos, std::bind(&Ping::[01;31m[KonPongCallback3[m[K, this, _1));
      |                                                                              [01;31m[K^~~~~~~~~~~~~~~[m[K

[01m[K/home/toffanetto/uros_benchmarking/ROS2/ping_pong_benchmarking/src/single_3_topic/ping_node.cpp:35:5:[m[K [01;31m[Kerror: [m[Kâ€˜[01m[Klatency_1_average[m[Kâ€™ was not declared in this scope; did you mean â€˜[01m[Klatency_average_1[m[Kâ€™?
   35 |     [01;31m[Klatency_1_average[m[K = 0;
      |     [01;31m[K^~~~~~~~~~~~~~~~~[m[K
      |     [32m[Klatency_average_1[m[K
[01m[K/home/toffanetto/uros_benchmarking/ROS2/ping_pong_benchmarking/src/single_3_topic/ping_node.cpp:36:5:[m[K [01;31m[Kerror: [m[Kâ€˜[01m[Kstd_1_deviation[m[Kâ€™ was not declared in this scope; did you mean â€˜[01m[Kstd_deviation_1[m[Kâ€™?
   36 |     [01;31m[Kstd_1_deviation[m[K = 0;
      |     [01;31m[K^~~~~~~~~~~~~~~[m[K
      |     [32m[Kstd_deviation_1[m[K
[01m[K/home/toffanetto/uros_benchmarking/ROS2/ping_pong_benchmarking/src/single_3_topic/ping_node.cpp:39:5:[m[K [01;31m[Kerror: [m[Kâ€˜[01m[Klatency_2_average[m[Kâ€™ was not declared in this scope; did you mean â€˜[01m[Klatency_average_1[m[Kâ€™?
   39 |     [01;31m[Klatency_2_average[m[K = 0;
      |     [01;31m[K^~~~~~~~~~~~~~~~~[m[K
      |     [32m[Klatency_average_1[m[K
[01m[K/home/toffanetto/uros_benchmarking/ROS2/ping_pong_benchmarking/src/single_3_topic/ping_node.cpp:40:5:[m[K [01;31m[Kerror: [m[Kâ€˜[01m[Kstd_2_deviation[m[Kâ€™ was not declared in this scope; did you mean â€˜[01m[Kstd_deviation_1[m[Kâ€™?
   40 |     [01;31m[Kstd_2_deviation[m[K = 0;
      |     [01;31m[K^~~~~~~~~~~~~~~[m[K
      |     [32m[Kstd_deviation_1[m[K
[01m[K/home/toffanetto/uros_benchmarking/ROS2/ping_pong_benchmarking/src/single_3_topic/ping_node.cpp:43:5:[m[K [01;31m[Kerror: [m[Kâ€˜[01m[Klatency_3_average[m[Kâ€™ was not declared in this scope; did you mean â€˜[01m[Klatency_average_1[m[Kâ€™?
   43 |     [01;31m[Klatency_3_average[m[K = 0;
      |     [01;31m[K^~~~~~~~~~~~~~~~~[m[K
      |     [32m[Klatency_average_1[m[K
[01m[K/home/toffanetto/uros_benchmarking/ROS2/ping_pong_benchmarking/src/single_3_topic/ping_node.cpp:44:5:[m[K [01;31m[Kerror: [m[Kâ€˜[01m[Kstd_3_deviation[m[Kâ€™ was not declared in this scope; did you mean â€˜[01m[Kstd_deviation_1[m[Kâ€™?
   44 |     [01;31m[Kstd_3_deviation[m[K = 0;
      |     [01;31m[K^~~~~~~~~~~~~~~[m[K
      |     [32m[Kstd_deviation_1[m[K
make[2]: *** [CMakeFiles/ping_3_single.dir/build.make:76: CMakeFiles/ping_3_single.dir/src/single_3_topic/ping_node.cpp.o] Error 1
make[1]: *** [CMakeFiles/Makefile2:111: CMakeFiles/ping_3_single.dir/all] Error 2
make: *** [Makefile:141: all] Error 2
