[0.113s] Invoking command in '/home/toffanetto/uros_benchmarking/ROS2/build/ping_pong_benchmarking': CMAKE_PREFIX_PATH=${CMAKE_PREFIX_PATH}:/opt/ros/foxy /usr/bin/cmake --build /home/toffanetto/uros_benchmarking/ROS2/build/ping_pong_benchmarking -- -j12 -l12
[0.154s] [35m[1mScanning dependencies of target ping_3_single[0m
[0.172s] [ 50%] Built target pong_test_3_single
[0.172s] [ 50%] Built target ping_1_single
[0.172s] [ 70%] Built target pong_test_1_single
[1.550s] [ 80%] [32mBuilding CXX object CMakeFiles/ping_3_single.dir/src/single_3_topic/ping_node.cpp.o[0m
[2.601s] [01m[K/home/toffanetto/uros_benchmarking/ROS2/ping_pong_benchmarking/src/single_3_topic/ping_node.cpp:[m[K In constructor â€˜[01m[KPing::Ping()[m[Kâ€™:
[2.601s] [01m[K/home/toffanetto/uros_benchmarking/ROS2/ping_pong_benchmarking/src/single_3_topic/ping_node.cpp:26:108:[m[K [01;31m[Kerror: [m[Kâ€˜[01m[KonPongCallback1[m[Kâ€™ is not a member of â€˜[01m[KPing[m[Kâ€™
[2.601s]    26 | subscription<std_msgs::msg::UInt32>("/pong_1", default_qos, std::bind(&Ping::[01;31m[KonPongCallback1[m[K, this, _1));
[2.601s]       |                                                                              [01;31m[K^~~~~~~~~~~~~~~[m[K
[2.601s] 
[2.601s] [01m[K/home/toffanetto/uros_benchmarking/ROS2/ping_pong_benchmarking/src/single_3_topic/ping_node.cpp:28:108:[m[K [01;31m[Kerror: [m[Kâ€˜[01m[KonPongCallback2[m[Kâ€™ is not a member of â€˜[01m[KPing[m[Kâ€™
[2.601s]    28 | subscription<std_msgs::msg::UInt32>("/pong2_", default_qos, std::bind(&Ping::[01;31m[KonPongCallback2[m[K, this, _1));
[2.601s]       |                                                                              [01;31m[K^~~~~~~~~~~~~~~[m[K
[2.602s] 
[2.602s] [01m[K/home/toffanetto/uros_benchmarking/ROS2/ping_pong_benchmarking/src/single_3_topic/ping_node.cpp:30:108:[m[K [01;31m[Kerror: [m[Kâ€˜[01m[KonPongCallback3[m[Kâ€™ is not a member of â€˜[01m[KPing[m[Kâ€™
[2.602s]    30 | subscription<std_msgs::msg::UInt32>("/pong_3", default_qos, std::bind(&Ping::[01;31m[KonPongCallback3[m[K, this, _1));
[2.602s]       |                                                                              [01;31m[K^~~~~~~~~~~~~~~[m[K
[2.602s] 
[2.603s] [01m[K/home/toffanetto/uros_benchmarking/ROS2/ping_pong_benchmarking/src/single_3_topic/ping_node.cpp:35:5:[m[K [01;31m[Kerror: [m[Kâ€˜[01m[Klatency_1_average[m[Kâ€™ was not declared in this scope; did you mean â€˜[01m[Klatency_average_1[m[Kâ€™?
[2.604s]    35 |     [01;31m[Klatency_1_average[m[K = 0;
[2.604s]       |     [01;31m[K^~~~~~~~~~~~~~~~~[m[K
[2.604s]       |     [32m[Klatency_average_1[m[K
[2.605s] [01m[K/home/toffanetto/uros_benchmarking/ROS2/ping_pong_benchmarking/src/single_3_topic/ping_node.cpp:36:5:[m[K [01;31m[Kerror: [m[Kâ€˜[01m[Kstd_1_deviation[m[Kâ€™ was not declared in this scope; did you mean â€˜[01m[Kstd_deviation_1[m[Kâ€™?
[2.605s]    36 |     [01;31m[Kstd_1_deviation[m[K = 0;
[2.605s]       |     [01;31m[K^~~~~~~~~~~~~~~[m[K
[2.605s]       |     [32m[Kstd_deviation_1[m[K
[2.607s] [01m[K/home/toffanetto/uros_benchmarking/ROS2/ping_pong_benchmarking/src/single_3_topic/ping_node.cpp:39:5:[m[K [01;31m[Kerror: [m[Kâ€˜[01m[Klatency_2_average[m[Kâ€™ was not declared in this scope; did you mean â€˜[01m[Klatency_average_1[m[Kâ€™?
[2.607s]    39 |     [01;31m[Klatency_2_average[m[K = 0;
[2.607s]       |     [01;31m[K^~~~~~~~~~~~~~~~~[m[K
[2.607s]       |     [32m[Klatency_average_1[m[K
[2.608s] [01m[K/home/toffanetto/uros_benchmarking/ROS2/ping_pong_benchmarking/src/single_3_topic/ping_node.cpp:40:5:[m[K [01;31m[Kerror: [m[Kâ€˜[01m[Kstd_2_deviation[m[Kâ€™ was not declared in this scope; did you mean â€˜[01m[Kstd_deviation_1[m[Kâ€™?
[2.608s]    40 |     [01;31m[Kstd_2_deviation[m[K = 0;
[2.608s]       |     [01;31m[K^~~~~~~~~~~~~~~[m[K
[2.608s]       |     [32m[Kstd_deviation_1[m[K
[2.609s] [01m[K/home/toffanetto/uros_benchmarking/ROS2/ping_pong_benchmarking/src/single_3_topic/ping_node.cpp:43:5:[m[K [01;31m[Kerror: [m[Kâ€˜[01m[Klatency_3_average[m[Kâ€™ was not declared in this scope; did you mean â€˜[01m[Klatency_average_1[m[Kâ€™?
[2.609s]    43 |     [01;31m[Klatency_3_average[m[K = 0;
[2.609s]       |     [01;31m[K^~~~~~~~~~~~~~~~~[m[K
[2.610s]       |     [32m[Klatency_average_1[m[K
[2.611s] [01m[K/home/toffanetto/uros_benchmarking/ROS2/ping_pong_benchmarking/src/single_3_topic/ping_node.cpp:44:5:[m[K [01;31m[Kerror: [m[Kâ€˜[01m[Kstd_3_deviation[m[Kâ€™ was not declared in this scope; did you mean â€˜[01m[Kstd_deviation_1[m[Kâ€™?
[2.611s]    44 |     [01;31m[Kstd_3_deviation[m[K = 0;
[2.611s]       |     [01;31m[K^~~~~~~~~~~~~~~[m[K
[2.611s]       |     [32m[Kstd_deviation_1[m[K
[3.338s] make[2]: *** [CMakeFiles/ping_3_single.dir/build.make:76: CMakeFiles/ping_3_single.dir/src/single_3_topic/ping_node.cpp.o] Error 1
[3.338s] make[1]: *** [CMakeFiles/Makefile2:111: CMakeFiles/ping_3_single.dir/all] Error 2
[3.338s] make: *** [Makefile:141: all] Error 2
[3.340s] Invoked command in '/home/toffanetto/uros_benchmarking/ROS2/build/ping_pong_benchmarking' returned '2': CMAKE_PREFIX_PATH=${CMAKE_PREFIX_PATH}:/opt/ros/foxy /usr/bin/cmake --build /home/toffanetto/uros_benchmarking/ROS2/build/ping_pong_benchmarking -- -j12 -l12
