[0.145s] Invoking command in '/home/toffanetto/uros_benchmarking/ROS2/build/ping_pong_benchmarking': CMAKE_PREFIX_PATH=/opt/ros/foxy /usr/bin/cmake --build /home/toffanetto/uros_benchmarking/ROS2/build/ping_pong_benchmarking -- -j12 -l12
[0.200s] [35m[1mScanning dependencies of target ping[0m
[0.324s] [ 33%] [32mBuilding CXX object CMakeFiles/ping.dir/src/ping.cpp.o[0m
[0.324s] [ 66%] [32mBuilding CXX object CMakeFiles/ping.dir/src/ping_node.cpp.o[0m
[1.448s] [01m[K/home/toffanetto/uros_benchmarking/ROS2/ping_pong_benchmarking/src/ping.cpp:[m[K In function â€˜[01m[Kint main(int, char**)[m[Kâ€™:
[1.448s] [01m[K/home/toffanetto/uros_benchmarking/ROS2/ping_pong_benchmarking/src/ping.cpp:15:50:[m[K [01;31m[Kerror: [m[Kunable to find numeric literal operator â€˜[01m[Koperator""s[m[Kâ€™
[1.449s]    15 |     const std::chrono::seconds experiment_time = [01;31m[K10s[m[K;
[1.449s]       |                                                  [01;31m[K^~~[m[K
[1.774s] make[2]: *** [CMakeFiles/ping.dir/build.make:63: CMakeFiles/ping.dir/src/ping.cpp.o] Error 1
[1.774s] make[2]: *** Waiting for unfinished jobs....
[4.568s] make[1]: *** [CMakeFiles/Makefile2:78: CMakeFiles/ping.dir/all] Error 2
[4.568s] make: *** [Makefile:141: all] Error 2
[4.569s] Invoked command in '/home/toffanetto/uros_benchmarking/ROS2/build/ping_pong_benchmarking' returned '2': CMAKE_PREFIX_PATH=/opt/ros/foxy /usr/bin/cmake --build /home/toffanetto/uros_benchmarking/ROS2/build/ping_pong_benchmarking -- -j12 -l12
