[01m[K/home/toffanetto/uros_benchmarking/ROS2/ping_pong_benchmarking/src/multi_3_topic/ping_node.cpp:[m[K In constructor â€˜[01m[KPing::Ping()[m[Kâ€™:
[01m[K/home/toffanetto/uros_benchmarking/ROS2/ping_pong_benchmarking/src/multi_3_topic/ping_node.cpp:25:5:[m[K [01;31m[Kerror: [m[Kâ€˜[01m[Kcallback_group_pong_1[m[Kâ€™ was not declared in this scope
   25 |     [01;31m[Kcallback_group_pong_1[m[K = this->create_callbeck_group(rclcpp::CallbackGroupType::MutuallyExclusive);
      |     [01;31m[K^~~~~~~~~~~~~~~~~~~~~[m[K
[01m[K/home/toffanetto/uros_benchmarking/ROS2/ping_pong_benchmarking/src/multi_3_topic/ping_node.cpp:25:35:[m[K [01;31m[Kerror: [m[Kâ€˜[01m[Kclass Ping[m[Kâ€™ has no member named â€˜[01m[Kcreate_callbeck_group[m[Kâ€™; did you mean â€˜[01m[Kcreate_callback_group[m[Kâ€™?
   25 |     callback_group_pong_1 = this->[01;31m[Kcreate_callbeck_group[m[K(rclcpp::CallbackGroupType::MutuallyExclusive);
      |                                   [01;31m[K^~~~~~~~~~~~~~~~~~~~~[m[K
      |                                   [32m[Kcreate_callback_group[m[K
[01m[K/home/toffanetto/uros_benchmarking/ROS2/ping_pong_benchmarking/src/multi_3_topic/ping_node.cpp:26:5:[m[K [01;31m[Kerror: [m[Kâ€˜[01m[Kcallback_group_pong_2[m[Kâ€™ was not declared in this scope
   26 |     [01;31m[Kcallback_group_pong_2[m[K = this->create_callbeck_group(rclcpp::CallbackGroupType::MutuallyExclusive);
      |     [01;31m[K^~~~~~~~~~~~~~~~~~~~~[m[K
[01m[K/home/toffanetto/uros_benchmarking/ROS2/ping_pong_benchmarking/src/multi_3_topic/ping_node.cpp:26:35:[m[K [01;31m[Kerror: [m[Kâ€˜[01m[Kclass Ping[m[Kâ€™ has no member named â€˜[01m[Kcreate_callbeck_group[m[Kâ€™; did you mean â€˜[01m[Kcreate_callback_group[m[Kâ€™?
   26 |     callback_group_pong_2 = this->[01;31m[Kcreate_callbeck_group[m[K(rclcpp::CallbackGroupType::MutuallyExclusive);
      |                                   [01;31m[K^~~~~~~~~~~~~~~~~~~~~[m[K
      |                                   [32m[Kcreate_callback_group[m[K
[01m[K/home/toffanetto/uros_benchmarking/ROS2/ping_pong_benchmarking/src/multi_3_topic/ping_node.cpp:27:5:[m[K [01;31m[Kerror: [m[Kâ€˜[01m[Kcallback_group_pong_3[m[Kâ€™ was not declared in this scope
   27 |     [01;31m[Kcallback_group_pong_3[m[K = this->create_callbeck_group(rclcpp::CallbackGroupType::MutuallyExclusive);
      |     [01;31m[K^~~~~~~~~~~~~~~~~~~~~[m[K
[01m[K/home/toffanetto/uros_benchmarking/ROS2/ping_pong_benchmarking/src/multi_3_topic/ping_node.cpp:27:35:[m[K [01;31m[Kerror: [m[Kâ€˜[01m[Kclass Ping[m[Kâ€™ has no member named â€˜[01m[Kcreate_callbeck_group[m[Kâ€™; did you mean â€˜[01m[Kcreate_callback_group[m[Kâ€™?
   27 |     callback_group_pong_3 = this->[01;31m[Kcreate_callbeck_group[m[K(rclcpp::CallbackGroupType::MutuallyExclusive);
      |                                   [01;31m[K^~~~~~~~~~~~~~~~~~~~~[m[K
      |                                   [32m[Kcreate_callback_group[m[K
make[2]: *** [CMakeFiles/ping_3_multi.dir/build.make:76: CMakeFiles/ping_3_multi.dir/src/multi_3_topic/ping_node.cpp.o] Error 1
make[1]: *** [CMakeFiles/Makefile2:169: CMakeFiles/ping_3_multi.dir/all] Error 2
make[1]: *** Waiting for unfinished jobs....
make: *** [Makefile:141: all] Error 2
