[0.019s] Invoking command in '/home/toffanetto/uros_benchmarking/ROS2/build/ping_pong_benchmarking': CMAKE_PREFIX_PATH=${CMAKE_PREFIX_PATH}:/opt/ros/foxy /usr/bin/cmake --build /home/toffanetto/uros_benchmarking/ROS2/build/ping_pong_benchmarking -- -j12 -l12
[0.081s] -- Found ament_cmake: 0.9.9 (/opt/ros/foxy/share/ament_cmake/cmake)
[0.081s] -- Using PYTHON_EXECUTABLE: /usr/bin/python3
[0.219s] -- Found rclcpp: 2.4.1 (/opt/ros/foxy/share/rclcpp/cmake)
[0.250s] -- Using all available rosidl_typesupport_c: rosidl_typesupport_fastrtps_c;rosidl_typesupport_introspection_c
[0.253s] -- Found rosidl_adapter: 1.2.1 (/opt/ros/foxy/share/rosidl_adapter/cmake)
[0.363s] -- Using all available rosidl_typesupport_cpp: rosidl_typesupport_fastrtps_cpp;rosidl_typesupport_introspection_cpp
[0.406s] -- Found rmw_implementation_cmake: 1.0.3 (/opt/ros/foxy/share/rmw_implementation_cmake/cmake)
[0.407s] -- Using RMW implementation 'rmw_fastrtps_cpp' as default
[0.543s] -- Found ament_lint_auto: 0.9.6 (/opt/ros/foxy/share/ament_lint_auto/cmake)
[0.593s] -- Added test 'copyright' to check source files copyright and LICENSE
[0.595s] -- Added test 'cppcheck' to perform static code analysis on C / C++ code
[0.596s] -- Configured cppcheck include dirs: /home/toffanetto/uros_benchmarking/ROS2/ping_pong_benchmarking/include;/home/toffanetto/uros_benchmarking/ROS2/ping_pong_benchmarking/include/single_1_topic;/home/toffanetto/uros_benchmarking/ROS2/ping_pong_benchmarking/include/single_3_topic;/home/toffanetto/uros_benchmarking/ROS2/ping_pong_benchmarking/include/multi_3_topic
[0.596s] -- Configured cppcheck exclude dirs and/or files: 
[0.597s] -- Added test 'cpplint' to check C / C++ code against the Google style
[0.597s] -- Configured cpplint exclude dirs and/or files: 
[0.598s] -- Added test 'lint_cmake' to check CMake code style
[0.600s] -- Added test 'uncrustify' to check C / C++ code style
[0.600s] -- Configured uncrustify additional arguments: 
[0.600s] -- Added test 'xmllint' to check XML markup files
[0.602s] -- Configuring done
[0.649s] -- Generating done
[0.694s] -- Build files have been written to: /home/toffanetto/uros_benchmarking/ROS2/build/ping_pong_benchmarking
[0.733s] [35m[1mScanning dependencies of target pong_test_3_multi[0m
[0.733s] [35m[1mScanning dependencies of target ping_3_multi[0m
[0.754s] [ 33%] Built target pong_test_3_single
[0.754s] [ 33%] Built target ping_1_single
[0.760s] [ 53%] Built target ping_3_single
[0.761s] [ 66%] Built target pong_test_1_single
[0.775s] [ 73%] [32mBuilding CXX object CMakeFiles/pong_test_3_multi.dir/src/multi_3_topic/pong_test_node.cpp.o[0m
[0.777s] [ 80%] [32mBuilding CXX object CMakeFiles/ping_3_multi.dir/src/multi_3_topic/ping_node.cpp.o[0m
[0.778s] [ 86%] [32mBuilding CXX object CMakeFiles/ping_3_multi.dir/src/multi_3_topic/ping.cpp.o[0m
[1.916s] [01m[K/home/toffanetto/uros_benchmarking/ROS2/ping_pong_benchmarking/src/multi_3_topic/ping_node.cpp:[m[K In constructor â€˜[01m[KPing::Ping()[m[Kâ€™:
[1.916s] [01m[K/home/toffanetto/uros_benchmarking/ROS2/ping_pong_benchmarking/src/multi_3_topic/ping_node.cpp:25:5:[m[K [01;31m[Kerror: [m[Kâ€˜[01m[Kcallback_group_pong_1[m[Kâ€™ was not declared in this scope
[1.916s]    25 |     [01;31m[Kcallback_group_pong_1[m[K = this->create_callbeck_group(rclcpp::CallbackGroupType::MutuallyExclusive);
[1.916s]       |     [01;31m[K^~~~~~~~~~~~~~~~~~~~~[m[K
[1.916s] [01m[K/home/toffanetto/uros_benchmarking/ROS2/ping_pong_benchmarking/src/multi_3_topic/ping_node.cpp:25:35:[m[K [01;31m[Kerror: [m[Kâ€˜[01m[Kclass Ping[m[Kâ€™ has no member named â€˜[01m[Kcreate_callbeck_group[m[Kâ€™; did you mean â€˜[01m[Kcreate_callback_group[m[Kâ€™?
[1.916s]    25 |     callback_group_pong_1 = this->[01;31m[Kcreate_callbeck_group[m[K(rclcpp::CallbackGroupType::MutuallyExclusive);
[1.916s]       |                                   [01;31m[K^~~~~~~~~~~~~~~~~~~~~[m[K
[1.917s]       |                                   [32m[Kcreate_callback_group[m[K
[1.920s] [01m[K/home/toffanetto/uros_benchmarking/ROS2/ping_pong_benchmarking/src/multi_3_topic/ping_node.cpp:26:5:[m[K [01;31m[Kerror: [m[Kâ€˜[01m[Kcallback_group_pong_2[m[Kâ€™ was not declared in this scope
[1.920s]    26 |     [01;31m[Kcallback_group_pong_2[m[K = this->create_callbeck_group(rclcpp::CallbackGroupType::MutuallyExclusive);
[1.921s]       |     [01;31m[K^~~~~~~~~~~~~~~~~~~~~[m[K
[1.921s] [01m[K/home/toffanetto/uros_benchmarking/ROS2/ping_pong_benchmarking/src/multi_3_topic/ping_node.cpp:26:35:[m[K [01;31m[Kerror: [m[Kâ€˜[01m[Kclass Ping[m[Kâ€™ has no member named â€˜[01m[Kcreate_callbeck_group[m[Kâ€™; did you mean â€˜[01m[Kcreate_callback_group[m[Kâ€™?
[1.921s]    26 |     callback_group_pong_2 = this->[01;31m[Kcreate_callbeck_group[m[K(rclcpp::CallbackGroupType::MutuallyExclusive);
[1.921s]       |                                   [01;31m[K^~~~~~~~~~~~~~~~~~~~~[m[K
[1.921s]       |                                   [32m[Kcreate_callback_group[m[K
[1.926s] [01m[K/home/toffanetto/uros_benchmarking/ROS2/ping_pong_benchmarking/src/multi_3_topic/ping_node.cpp:27:5:[m[K [01;31m[Kerror: [m[Kâ€˜[01m[Kcallback_group_pong_3[m[Kâ€™ was not declared in this scope
[1.927s]    27 |     [01;31m[Kcallback_group_pong_3[m[K = this->create_callbeck_group(rclcpp::CallbackGroupType::MutuallyExclusive);
[1.928s]       |     [01;31m[K^~~~~~~~~~~~~~~~~~~~~[m[K
[1.928s] [01m[K/home/toffanetto/uros_benchmarking/ROS2/ping_pong_benchmarking/src/multi_3_topic/ping_node.cpp:27:35:[m[K [01;31m[Kerror: [m[Kâ€˜[01m[Kclass Ping[m[Kâ€™ has no member named â€˜[01m[Kcreate_callbeck_group[m[Kâ€™; did you mean â€˜[01m[Kcreate_callback_group[m[Kâ€™?
[1.928s]    27 |     callback_group_pong_3 = this->[01;31m[Kcreate_callbeck_group[m[K(rclcpp::CallbackGroupType::MutuallyExclusive);
[1.930s]       |                                   [01;31m[K^~~~~~~~~~~~~~~~~~~~~[m[K
[1.931s]       |                                   [32m[Kcreate_callback_group[m[K
[3.243s] make[2]: *** [CMakeFiles/ping_3_multi.dir/build.make:76: CMakeFiles/ping_3_multi.dir/src/multi_3_topic/ping_node.cpp.o] Error 1
[3.244s] make[1]: *** [CMakeFiles/Makefile2:169: CMakeFiles/ping_3_multi.dir/all] Error 2
[3.244s] make[1]: *** Waiting for unfinished jobs....
[4.908s] [ 93%] [32m[1mLinking CXX executable pong_test_3_multi[0m
[5.117s] [ 93%] Built target pong_test_3_multi
[5.118s] make: *** [Makefile:141: all] Error 2
[5.121s] Invoked command in '/home/toffanetto/uros_benchmarking/ROS2/build/ping_pong_benchmarking' returned '2': CMAKE_PREFIX_PATH=${CMAKE_PREFIX_PATH}:/opt/ros/foxy /usr/bin/cmake --build /home/toffanetto/uros_benchmarking/ROS2/build/ping_pong_benchmarking -- -j12 -l12
