[35m[1mScanning dependencies of target ping_1_single[0m
[ 13%] Built target pong_test_1_single
[ 33%] Built target ping_3_single
[ 46%] Built target pong_test_3_multi
[ 66%] Built target ping_3_multi
[ 80%] Built target pong_test_3_single
[ 86%] [32mBuilding CXX object CMakeFiles/ping_1_single.dir/src/single_1_topic/ping_node.cpp.o[0m
[01m[K/home/robotica8/uros_benchmarking/ROS2/ping_pong_benchmarking/src/single_1_topic/ping_node.cpp:[m[K In constructor â€˜[01m[KPing::Ping()[m[Kâ€™:
[01m[K/home/robotica8/uros_benchmarking/ROS2/ping_pong_benchmarking/src/single_1_topic/ping_node.cpp:21:44:[m[K [01;31m[Kerror: [m[Kâ€˜[01m[KSystemDefaultQoS[m[Kâ€™ is not a member of â€˜[01m[Krclcpp[m[Kâ€™; did you mean â€˜[01m[KSystemDefaultsQoS[m[Kâ€™?
   21 |     auto default_qos = rclcpp::QoS(rclcpp::[01;31m[KSystemDefaultQoS[m[K());
      |                                            [01;31m[K^~~~~~~~~~~~~~~~[m[K
      |                                            [32m[KSystemDefaultsQoS[m[K
make[2]: *** [CMakeFiles/ping_1_single.dir/build.make:76: CMakeFiles/ping_1_single.dir/src/single_1_topic/ping_node.cpp.o] Error 1
make[1]: *** [CMakeFiles/Makefile2:115: CMakeFiles/ping_1_single.dir/all] Error 2
make: *** [Makefile:141: all] Error 2
