[01m[K/home/toffanetto/uros_benchmarking/ROS2/ping_pong_benchmarking/src/ping.cpp:[m[K In function â€˜[01m[Kint main(int, char**)[m[Kâ€™:
[01m[K/home/toffanetto/uros_benchmarking/ROS2/ping_pong_benchmarking/src/ping.cpp:15:50:[m[K [01;31m[Kerror: [m[Kunable to find numeric literal operator â€˜[01m[Koperator""s[m[Kâ€™
   15 |     const std::chrono::seconds experiment_time = [01;31m[K10s[m[K;
      |                                                  [01;31m[K^~~[m[K
[01m[K/home/toffanetto/uros_benchmarking/ROS2/ping_pong_benchmarking/src/ping_node.cpp:[m[K In member function â€˜[01m[Kvoid Ping::onTimerPing()[m[Kâ€™:
[01m[K/home/toffanetto/uros_benchmarking/ROS2/ping_pong_benchmarking/src/ping_node.cpp:38:60:[m[K [01;31m[Kerror: [m[Kexpected â€˜[01m[K)[m[Kâ€™ before â€˜[01m[K;[m[Kâ€™ token
   38 |     send_recive_data.push_back[34m[K([m[Kstd::make_pair(now(), now())[01;31m[K;[m[K
      |                               [34m[K~[m[K                            [01;31m[K^[m[K
      |                                                            [32m[K)[m[K
[01m[K/home/toffanetto/uros_benchmarking/ROS2/ping_pong_benchmarking/src/ping_node.cpp:[m[K In member function â€˜[01m[Kvoid Ping::onPongCallback(std_msgs::msg::Int32_<std::allocator<void> >::SharedPtr)[m[Kâ€™:
[01m[K/home/toffanetto/uros_benchmarking/ROS2/ping_pong_benchmarking/src/ping_node.cpp:45:32:[m[K [01;31m[Kerror: [m[Kinvalid cast from type â€˜[01m[Kconst SharedPtr[m[Kâ€™ {aka â€˜[01m[Kconst std::shared_ptr<std_msgs::msg::Int32_<std::allocator<void> > >[m[Kâ€™} to type â€˜[01m[Kint[m[Kâ€™
   45 |     send_recive_data.at(int(msg[01;31m[K)[m[K).second = now();
      |                                [01;31m[K^[m[K
make[2]: *** [CMakeFiles/ping.dir/build.make:63: CMakeFiles/ping.dir/src/ping.cpp.o] Error 1
make[2]: *** Waiting for unfinished jobs....
make[2]: *** [CMakeFiles/ping.dir/build.make:76: CMakeFiles/ping.dir/src/ping_node.cpp.o] Error 1
make[1]: *** [CMakeFiles/Makefile2:78: CMakeFiles/ping.dir/all] Error 2
make: *** [Makefile:141: all] Error 2
