[0.050s] Invoking command in '/home/toffanetto/uros_benchmarking/ROS2/build/ping_pong_benchmarking': CMAKE_PREFIX_PATH=${CMAKE_PREFIX_PATH}:/opt/ros/foxy /usr/bin/cmake --build /home/toffanetto/uros_benchmarking/ROS2/build/ping_pong_benchmarking -- -j12 -l12
[0.091s] [35m[1mScanning dependencies of target ping[0m
[0.469s] [ 33%] [32mBuilding CXX object CMakeFiles/ping.dir/src/ping.cpp.o[0m
[0.470s] [ 66%] [32mBuilding CXX object CMakeFiles/ping.dir/src/ping_node.cpp.o[0m
[1.544s] [01m[K/home/toffanetto/uros_benchmarking/ROS2/ping_pong_benchmarking/src/ping.cpp:[m[K In function â€˜[01m[Kint main(int, char**)[m[Kâ€™:
[1.544s] [01m[K/home/toffanetto/uros_benchmarking/ROS2/ping_pong_benchmarking/src/ping.cpp:27:17:[m[K [01;31m[Kerror: [m[Kâ€˜[01m[Kclass rclcpp::executors::SingleThreadedExecutor[m[Kâ€™ has no member named â€˜[01m[Kjoin[m[Kâ€™
[1.545s]    27 |     st_executor.[01;31m[Kjoin[m[K();
[1.545s]       |                 [01;31m[K^~~~[m[K
[1.866s] make[2]: *** [CMakeFiles/ping.dir/build.make:63: CMakeFiles/ping.dir/src/ping.cpp.o] Error 1
[1.866s] make[2]: *** Waiting for unfinished jobs....
[4.676s] make[1]: *** [CMakeFiles/Makefile2:78: CMakeFiles/ping.dir/all] Error 2
[4.676s] make: *** [Makefile:141: all] Error 2
[4.678s] Invoked command in '/home/toffanetto/uros_benchmarking/ROS2/build/ping_pong_benchmarking' returned '2': CMAKE_PREFIX_PATH=${CMAKE_PREFIX_PATH}:/opt/ros/foxy /usr/bin/cmake --build /home/toffanetto/uros_benchmarking/ROS2/build/ping_pong_benchmarking -- -j12 -l12
