[01m[K/home/toffanetto/uros_benchmarking/ROS2/ping_pong_benchmarking/src/multi_3_topic/pong_test_node.cpp:[m[K In constructor â€˜[01m[KPongTest::PongTest()[m[Kâ€™:
[01m[K/home/toffanetto/uros_benchmarking/ROS2/ping_pong_benchmarking/src/multi_3_topic/pong_test_node.cpp:24:13:[m[K [01;31m[Kerror: [m[Kâ€˜[01m[Kping_3_sub_opt[m[Kâ€™ was not declared in this scope; did you mean â€˜[01m[Kpong_3_sub_opt[m[Kâ€™?
   24 |             [01;31m[Kping_3_sub_opt[m[K.callback_group = callback_group_ping_3;
      |             [01;31m[K^~~~~~~~~~~~~~[m[K
      |             [32m[Kpong_3_sub_opt[m[K
make[2]: *** [CMakeFiles/pong_test_3_multi.dir/build.make:63: CMakeFiles/pong_test_3_multi.dir/src/multi_3_topic/pong_test_node.cpp.o] Error 1
make[1]: *** [CMakeFiles/Makefile2:250: CMakeFiles/pong_test_3_multi.dir/all] Error 2
make[1]: *** Waiting for unfinished jobs....
make: *** [Makefile:141: all] Error 2
