[35m[1mScanning dependencies of target pong_test_3_multi[0m
[35m[1mScanning dependencies of target ping_3_multi[0m
[ 26%] Built target pong_test_3_single
[ 26%] Built target pong_test_1_single
[ 46%] Built target ping_3_single
[ 66%] Built target ping_1_single
[ 73%] [32mBuilding CXX object CMakeFiles/pong_test_3_multi.dir/src/multi_3_topic/pong_test_node.cpp.o[0m
[ 80%] [32mBuilding CXX object CMakeFiles/ping_3_multi.dir/src/multi_3_topic/ping_node.cpp.o[0m
[01m[K/home/toffanetto/uros_benchmarking/ROS2/ping_pong_benchmarking/src/multi_3_topic/pong_test_node.cpp:[m[K In constructor â€˜[01m[KPongTest::PongTest()[m[Kâ€™:
[01m[K/home/toffanetto/uros_benchmarking/ROS2/ping_pong_benchmarking/src/multi_3_topic/pong_test_node.cpp:24:13:[m[K [01;31m[Kerror: [m[Kâ€˜[01m[Kping_3_sub_opt[m[Kâ€™ was not declared in this scope; did you mean â€˜[01m[Kpong_3_sub_opt[m[Kâ€™?
   24 |             [01;31m[Kping_3_sub_opt[m[K.callback_group = callback_group_ping_3;
      |             [01;31m[K^~~~~~~~~~~~~~[m[K
      |             [32m[Kpong_3_sub_opt[m[K
make[2]: *** [CMakeFiles/pong_test_3_multi.dir/build.make:63: CMakeFiles/pong_test_3_multi.dir/src/multi_3_topic/pong_test_node.cpp.o] Error 1
make[1]: *** [CMakeFiles/Makefile2:250: CMakeFiles/pong_test_3_multi.dir/all] Error 2
make[1]: *** Waiting for unfinished jobs....
[ 86%] [32m[1mLinking CXX executable ping_3_multi[0m
[ 93%] Built target ping_3_multi
make: *** [Makefile:141: all] Error 2
