[0.295s] Invoking command in '/home/toffanetto/uros_benchmarking/ROS2/build/ping_pong_benchmarking': CMAKE_PREFIX_PATH=${CMAKE_PREFIX_PATH}:/opt/ros/foxy /usr/bin/cmake --build /home/toffanetto/uros_benchmarking/ROS2/build/ping_pong_benchmarking -- -j12 -l12
[0.319s] [35m[1mScanning dependencies of target pong_test[0m
[0.320s] [35m[1mScanning dependencies of target ping[0m
[0.804s] [ 20%] [32mBuilding CXX object CMakeFiles/pong_test.dir/src/pong_test_node.cpp.o[0m
[0.807s] [ 60%] [32mBuilding CXX object CMakeFiles/ping.dir/src/ping.cpp.o[0m
[0.807s] [ 60%] [32mBuilding CXX object CMakeFiles/ping.dir/src/ping_node.cpp.o[0m
[1.874s] [01m[K/home/toffanetto/uros_benchmarking/ROS2/ping_pong_benchmarking/src/pong_test_node.cpp:28:42:[m[K [01;31m[Kerror: [m[Kâ€˜[01m[KInt32[m[Kâ€™ is not a member of â€˜[01m[Kstd_msgs::msg[m[Kâ€™; did you mean â€˜[01m[KUInt32[m[Kâ€™?
[1.875s]    28 |         rclcpp::Publisher<std_msgs::msg::[01;31m[KInt32[m[K>::SharedPtr pong_pub;
[1.875s]       |                                          [01;31m[K^~~~~[m[K
[1.875s]       |                                          [32m[KUInt32[m[K
[1.875s] [01m[K/home/toffanetto/uros_benchmarking/ROS2/ping_pong_benchmarking/src/pong_test_node.cpp:28:42:[m[K [01;31m[Kerror: [m[Kâ€˜[01m[KInt32[m[Kâ€™ is not a member of â€˜[01m[Kstd_msgs::msg[m[Kâ€™; did you mean â€˜[01m[KUInt32[m[Kâ€™?
[1.875s]    28 |         rclcpp::Publisher<std_msgs::msg::[01;31m[KInt32[m[K>::SharedPtr pong_pub;
[1.875s]       |                                          [01;31m[K^~~~~[m[K
[1.875s]       |                                          [32m[KUInt32[m[K
[1.875s] [01m[K/home/toffanetto/uros_benchmarking/ROS2/ping_pong_benchmarking/src/pong_test_node.cpp:28:47:[m[K [01;31m[Kerror: [m[Ktemplate argument 1 is invalid
[1.875s]    28 |         rclcpp::Publisher<std_msgs::msg::Int32[01;31m[K>[m[K::SharedPtr pong_pub;
[1.875s]       |                                               [01;31m[K^[m[K
[1.875s] [01m[K/home/toffanetto/uros_benchmarking/ROS2/ping_pong_benchmarking/src/pong_test_node.cpp:28:50:[m[K [01;31m[Kerror: [m[Kexpected â€˜[01m[K;[m[Kâ€™ at end of member declaration
[1.876s]    28 |         rclcpp::Publisher<std_msgs::msg::Int32>::[01;31m[KSharedPtr[m[K pong_pub;
[1.876s]       |                                                  [01;31m[K^~~~~~~~~[m[K
[1.876s]       |                                                           [32m[K;[m[K
[1.876s] [01m[K/home/toffanetto/uros_benchmarking/ROS2/ping_pong_benchmarking/src/pong_test_node.cpp:28:60:[m[K [01;31m[Kerror: [m[Kâ€˜[01m[Kpong_pub[m[Kâ€™ does not name a type
[1.876s]    28 |         rclcpp::Publisher<std_msgs::msg::Int32>::SharedPtr [01;31m[Kpong_pub[m[K;
[1.876s]       |                                                            [01;31m[K^~~~~~~~[m[K
[1.876s] [01m[K/home/toffanetto/uros_benchmarking/ROS2/ping_pong_benchmarking/src/pong_test_node.cpp:29:45:[m[K [01;31m[Kerror: [m[Kâ€˜[01m[KInt32[m[Kâ€™ is not a member of â€˜[01m[Kstd_msgs::msg[m[Kâ€™; did you mean â€˜[01m[KUInt32[m[Kâ€™?
[1.877s]    29 |         rclcpp::Subscription<std_msgs::msg::[01;31m[KInt32[m[K>::SharedPtr ping_sub;
[1.877s]       |                                             [01;31m[K^~~~~[m[K
[1.877s]       |                                             [32m[KUInt32[m[K
[1.877s] [01m[K/home/toffanetto/uros_benchmarking/ROS2/ping_pong_benchmarking/src/pong_test_node.cpp:29:45:[m[K [01;31m[Kerror: [m[Kâ€˜[01m[KInt32[m[Kâ€™ is not a member of â€˜[01m[Kstd_msgs::msg[m[Kâ€™; did you mean â€˜[01m[KUInt32[m[Kâ€™?
[1.877s]    29 |         rclcpp::Subscription<std_msgs::msg::[01;31m[KInt32[m[K>::SharedPtr ping_sub;
[1.877s]       |                                             [01;31m[K^~~~~[m[K
[1.877s]       |                                             [32m[KUInt32[m[K
[1.877s] [01m[K/home/toffanetto/uros_benchmarking/ROS2/ping_pong_benchmarking/src/pong_test_node.cpp:29:50:[m[K [01;31m[Kerror: [m[Ktemplate argument 1 is invalid
[1.877s]    29 |         rclcpp::Subscription<std_msgs::msg::Int32[01;31m[K>[m[K::SharedPtr ping_sub;
[1.877s]       |                                                  [01;31m[K^[m[K
[1.877s] [01m[K/home/toffanetto/uros_benchmarking/ROS2/ping_pong_benchmarking/src/pong_test_node.cpp:29:50:[m[K [01;31m[Kerror: [m[Ktemplate argument 3 is invalid
[1.877s] [01m[K/home/toffanetto/uros_benchmarking/ROS2/ping_pong_benchmarking/src/pong_test_node.cpp:29:53:[m[K [01;31m[Kerror: [m[Kexpected â€˜[01m[K;[m[Kâ€™ at end of member declaration
[1.878s]    29 |         rclcpp::Subscription<std_msgs::msg::Int32>::[01;31m[KSharedPtr[m[K ping_sub;
[1.878s]       |                                                     [01;31m[K^~~~~~~~~[m[K
[1.878s]       |                                                              [32m[K;[m[K
[1.878s] [01m[K/home/toffanetto/uros_benchmarking/ROS2/ping_pong_benchmarking/src/pong_test_node.cpp:29:53:[m[K [01;31m[Kerror: [m[Kredeclaration of â€˜[01m[Kint PongTest::SharedPtr[m[Kâ€™
[1.878s] [01m[K/home/toffanetto/uros_benchmarking/ROS2/ping_pong_benchmarking/src/pong_test_node.cpp:28:50:[m[K [01;36m[Knote: [m[Kprevious declaration â€˜[01m[Kint PongTest::SharedPtr[m[Kâ€™
[1.878s]    28 |         rclcpp::Publisher<std_msgs::msg::Int32>::[01;36m[KSharedPtr[m[K pong_pub;
[1.878s]       |                                                  [01;36m[K^~~~~~~~~[m[K
[1.878s] [01m[K/home/toffanetto/uros_benchmarking/ROS2/ping_pong_benchmarking/src/pong_test_node.cpp:29:63:[m[K [01;31m[Kerror: [m[Kâ€˜[01m[Kping_sub[m[Kâ€™ does not name a type
[1.878s]    29 |         rclcpp::Subscription<std_msgs::msg::Int32>::SharedPtr [01;31m[Kping_sub[m[K;
[1.878s]       |                                                               [01;31m[K^~~~~~~~[m[K
[1.880s] [01m[K/home/toffanetto/uros_benchmarking/ROS2/ping_pong_benchmarking/src/pong_test_node.cpp:[m[K In constructor â€˜[01m[KPongTest::PongTest()[m[Kâ€™:
[1.880s] [01m[K/home/toffanetto/uros_benchmarking/ROS2/ping_pong_benchmarking/src/pong_test_node.cpp:13:13:[m[K [01;31m[Kerror: [m[Kâ€˜[01m[Kpong_pub[m[Kâ€™ was not declared in this scope
[1.880s]    13 |             [01;31m[Kpong_pub[m[K = this->create_publisher<std_msgs::msg::UInt32>("/pong", default_qos);
[1.880s]       |             [01;31m[K^~~~~~~~[m[K
[1.885s] [01m[K/home/toffanetto/uros_benchmarking/ROS2/ping_pong_benchmarking/src/pong_test_node.cpp:14:13:[m[K [01;31m[Kerror: [m[Kâ€˜[01m[Kping_sub[m[Kâ€™ was not declared in this scope
[1.885s]    14 |             [01;31m[Kping_sub[m[K = this->create_subscription<std_msgs::msg::UInt32>("/ping", default_qos, std::bind(&PongTest::onPingCallback, this, _1));
[1.885s]       |             [01;31m[K^~~~~~~~[m[K
[1.903s] [01m[K/home/toffanetto/uros_benchmarking/ROS2/ping_pong_benchmarking/src/pong_test_node.cpp:[m[K In member function â€˜[01m[Kvoid PongTest::onPingCallback(std_msgs::msg::UInt32_<std::allocator<void> >::SharedPtr)[m[Kâ€™:
[1.903s] [01m[K/home/toffanetto/uros_benchmarking/ROS2/ping_pong_benchmarking/src/pong_test_node.cpp:25:13:[m[K [01;31m[Kerror: [m[Kâ€˜[01m[Kpong_pub[m[Kâ€™ was not declared in this scope
[1.904s]    25 |             [01;31m[Kpong_pub[m[K->publish(*msg);
[1.904s]       |             [01;31m[K^~~~~~~~[m[K
[3.083s] make[2]: *** [CMakeFiles/pong_test.dir/build.make:63: CMakeFiles/pong_test.dir/src/pong_test_node.cpp.o] Error 1
[3.083s] make[1]: *** [CMakeFiles/Makefile2:80: CMakeFiles/pong_test.dir/all] Error 2
[3.083s] make[1]: *** Waiting for unfinished jobs....
[4.981s] [ 80%] [32m[1mLinking CXX executable ping[0m
[5.197s] [ 80%] Built target ping
[5.198s] make: *** [Makefile:141: all] Error 2
[5.201s] Invoked command in '/home/toffanetto/uros_benchmarking/ROS2/build/ping_pong_benchmarking' returned '2': CMAKE_PREFIX_PATH=${CMAKE_PREFIX_PATH}:/opt/ros/foxy /usr/bin/cmake --build /home/toffanetto/uros_benchmarking/ROS2/build/ping_pong_benchmarking -- -j12 -l12
