[0.106s] Invoking command in '/home/toffanetto/uros_benchmarking/ROS2/build/ping_pong_benchmarking': CMAKE_PREFIX_PATH=/opt/ros/foxy /usr/bin/cmake --build /home/toffanetto/uros_benchmarking/ROS2/build/ping_pong_benchmarking -- -j12 -l12
[0.245s] [35m[1mScanning dependencies of target ping[0m
[0.943s] [ 66%] [32mBuilding CXX object CMakeFiles/ping.dir/src/ping_node.cpp.o[0m
[0.943s] [ 66%] [32mBuilding CXX object CMakeFiles/ping.dir/src/ping.cpp.o[0m
[1.998s] [01m[K/home/toffanetto/uros_benchmarking/ROS2/ping_pong_benchmarking/src/ping.cpp:[m[K In function â€˜[01m[Kint main(int, char**)[m[Kâ€™:
[1.998s] [01m[K/home/toffanetto/uros_benchmarking/ROS2/ping_pong_benchmarking/src/ping.cpp:15:50:[m[K [01;31m[Kerror: [m[Kunable to find numeric literal operator â€˜[01m[Koperator""s[m[Kâ€™
[1.998s]    15 |     const std::chrono::seconds experiment_time = [01;31m[K10s[m[K;
[1.998s]       |                                                  [01;31m[K^~~[m[K
[2.048s] [01m[K/home/toffanetto/uros_benchmarking/ROS2/ping_pong_benchmarking/src/ping_node.cpp:[m[K In member function â€˜[01m[Kvoid Ping::onPongCallback(std_msgs::msg::Int32_<std::allocator<void> >::SharedPtr)[m[Kâ€™:
[2.048s] [01m[K/home/toffanetto/uros_benchmarking/ROS2/ping_pong_benchmarking/src/ping_node.cpp:45:32:[m[K [01;31m[Kerror: [m[Kinvalid cast from type â€˜[01m[Kconst SharedPtr[m[Kâ€™ {aka â€˜[01m[Kconst std::shared_ptr<std_msgs::msg::Int32_<std::allocator<void> > >[m[Kâ€™} to type â€˜[01m[Kint[m[Kâ€™
[2.048s]    45 |     send_recive_data.at(int(msg[01;31m[K)[m[K).second = now();
[2.048s]       |                                [01;31m[K^[m[K
[2.306s] make[2]: *** [CMakeFiles/ping.dir/build.make:63: CMakeFiles/ping.dir/src/ping.cpp.o] Error 1
[2.306s] make[2]: *** Waiting for unfinished jobs....
[3.280s] make[2]: *** [CMakeFiles/ping.dir/build.make:76: CMakeFiles/ping.dir/src/ping_node.cpp.o] Error 1
[3.280s] make[1]: *** [CMakeFiles/Makefile2:78: CMakeFiles/ping.dir/all] Error 2
[3.280s] make: *** [Makefile:141: all] Error 2
[3.283s] Invoked command in '/home/toffanetto/uros_benchmarking/ROS2/build/ping_pong_benchmarking' returned '2': CMAKE_PREFIX_PATH=/opt/ros/foxy /usr/bin/cmake --build /home/toffanetto/uros_benchmarking/ROS2/build/ping_pong_benchmarking -- -j12 -l12
