[01m[K/home/toffanetto/uros_benchmarking/ROS2/ping_pong_benchmarking/src/ping_node.cpp:[m[K In member function â€˜[01m[Kvoid Ping::store_data()[m[Kâ€™:
[01m[K/home/toffanetto/uros_benchmarking/ROS2/ping_pong_benchmarking/src/ping_node.cpp:85:14:[m[K [01;31m[Kerror: [m[Kâ€˜[01m[Kdata_file[m[Kâ€™ is not a member of â€˜[01m[Kstd[m[Kâ€™
   85 |         std::[01;31m[Kdata_file[m[K << sample.first.nanoseconds()*1000 << "\t" << sample.second.nanoseconds()*1000 << std::endl;
      |              [01;31m[K^~~~~~~~~[m[K
[01m[K/home/toffanetto/uros_benchmarking/ROS2/ping_pong_benchmarking/src/ping_node.cpp:93:14:[m[K [01;31m[Kerror: [m[Kâ€˜[01m[Kdata_file[m[Kâ€™ is not a member of â€˜[01m[Kstd[m[Kâ€™
   93 |         std::[01;31m[Kdata_file[m[K << sample << std::endl;
      |              [01;31m[K^~~~~~~~~[m[K
[01m[K/home/toffanetto/uros_benchmarking/ROS2/ping_pong_benchmarking/src/ping_node.cpp:102:10:[m[K [01;31m[Kerror: [m[Kâ€˜[01m[Kdata_file[m[Kâ€™ is not a member of â€˜[01m[Kstd[m[Kâ€™
  102 |     std::[01;31m[Kdata_file[m[K << "Latency Average: " << latency_average << std::endl << std::endl
      |          [01;31m[K^~~~~~~~~[m[K
make[2]: *** [CMakeFiles/ping.dir/build.make:76: CMakeFiles/ping.dir/src/ping_node.cpp.o] Error 1
make[1]: *** [CMakeFiles/Makefile2:78: CMakeFiles/ping.dir/all] Error 2
make: *** [Makefile:141: all] Error 2
